Flow report for UC
Mon May 12 10:26:43 2014
Quartus II 32-bit Version 13.1.0 Build 162 10/23/2013 SJ Web Edition


---------------------
; Table of Contents ;
---------------------
  1. Legal Notice
  2. Flow Summary
  3. Flow Settings
  4. Flow Non-Default Global Settings
  5. Flow Elapsed Time
  6. Flow OS Summary
  7. Flow Log
  8. Flow Messages
  9. Flow Suppressed Messages



----------------
; Legal Notice ;
----------------
Copyright (C) 1991-2013 Altera Corporation
Your use of Altera Corporation's design tools, logic functions 
and other software and tools, and its AMPP partner logic 
functions, and any output files from any of the foregoing 
(including device programming or simulation files), and any 
associated documentation or information are expressly subject 
to the terms and conditions of the Altera Program License 
Subscription Agreement, Altera MegaCore Function License 
Agreement, or other applicable license agreement, including, 
without limitation, that your use is for the sole purpose of 
programming logic devices manufactured by Altera and sold by 
Altera or its authorized distributors.  Please refer to the 
applicable agreement for further details.



+---------------------------------------------------------------------------------+
; Flow Summary                                                                    ;
+------------------------------------+--------------------------------------------+
; Flow Status                        ; Successful - Mon May 12 10:26:43 2014      ;
; Quartus II 32-bit Version          ; 13.1.0 Build 162 10/23/2013 SJ Web Edition ;
; Revision Name                      ; UC                                         ;
; Top-level Entity Name              ; simbol_UC                                  ;
; Family                             ; Cyclone IV GX                              ;
; Total logic elements               ; 107 / 21,280 ( < 1 % )                     ;
;     Total combinational functions  ; 107 / 21,280 ( < 1 % )                     ;
;     Dedicated logic registers      ; 45 / 21,280 ( < 1 % )                      ;
; Total registers                    ; 45                                         ;
; Total pins                         ; 72 / 167 ( 43 % )                          ;
; Total virtual pins                 ; 0                                          ;
; Total memory bits                  ; 0 / 774,144 ( 0 % )                        ;
; Embedded Multiplier 9-bit elements ; 0 / 80 ( 0 % )                             ;
; Total GXB Receiver Channel PCS     ; 0 / 4 ( 0 % )                              ;
; Total GXB Receiver Channel PMA     ; 0 / 4 ( 0 % )                              ;
; Total GXB Transmitter Channel PCS  ; 0 / 4 ( 0 % )                              ;
; Total GXB Transmitter Channel PMA  ; 0 / 4 ( 0 % )                              ;
; Total PLLs                         ; 0 / 4 ( 0 % )                              ;
; Device                             ; EP4CGX22CF19C6                             ;
; Timing Models                      ; Final                                      ;
+------------------------------------+--------------------------------------------+


+-----------------------------------------+
; Flow Settings                           ;
+-------------------+---------------------+
; Option            ; Setting             ;
+-------------------+---------------------+
; Start date & time ; 05/12/2014 10:25:23 ;
; Main task         ; Compilation         ;
; Revision Name     ; UC                  ;
+-------------------+---------------------+


+----------------------------------------------------------------------------------------------------------------------------------------+
; Flow Non-Default Global Settings                                                                                                       ;
+--------------------------------------+-----------------------------------------+---------------+-------------+-------------------------+
; Assignment Name                      ; Value                                   ; Default Value ; Entity Name ; Section Id              ;
+--------------------------------------+-----------------------------------------+---------------+-------------+-------------------------+
; COMPILER_SIGNATURE_ID                ; 84055618399889.139988312304251          ; --            ; --          ; --                      ;
; EDA_DESIGN_INSTANCE_NAME             ; i1                                      ; --            ; --          ; simbol_UC_vhd_tst       ;
; EDA_DESIGN_INSTANCE_NAME             ; i1                                      ; --            ; --          ; UnitatDeControl_vhd_tst ;
; EDA_NATIVELINK_SIMULATION_TEST_BENCH ; UnitatDeControl_vhd_tst                 ; --            ; --          ; eda_simulation          ;
; EDA_OUTPUT_DATA_FORMAT               ; Vhdl                                    ; --            ; --          ; eda_simulation          ;
; EDA_SIMULATION_TOOL                  ; ModelSim-Altera (VHDL)                  ; <None>        ; --          ; --                      ;
; EDA_TEST_BENCH_ENABLE_STATUS         ; TEST_BENCH_MODE                         ; --            ; --          ; eda_simulation          ;
; EDA_TEST_BENCH_FILE                  ; simulation/modelsim/simbol_UC.vht       ; --            ; --          ; simbol_UC_vhd_tst       ;
; EDA_TEST_BENCH_FILE                  ; simulation/modelsim/UnitatDeControl.vht ; --            ; --          ; UnitatDeControl_vhd_tst ;
; EDA_TEST_BENCH_MODULE_NAME           ; simbol_UC_vhd_tst                       ; --            ; --          ; simbol_UC_vhd_tst       ;
; EDA_TEST_BENCH_MODULE_NAME           ; UnitatDeControl_vhd_tst                 ; --            ; --          ; UnitatDeControl_vhd_tst ;
; EDA_TEST_BENCH_NAME                  ; simbol_UC_vhd_tst                       ; --            ; --          ; eda_simulation          ;
; EDA_TEST_BENCH_NAME                  ; UnitatDeControl_vhd_tst                 ; --            ; --          ; eda_simulation          ;
; PARTITION_COLOR                      ; 16764057                                ; --            ; simbol_UC   ; Top                     ;
; PARTITION_FITTER_PRESERVATION_LEVEL  ; PLACEMENT_AND_ROUTING                   ; --            ; simbol_UC   ; Top                     ;
; PARTITION_NETLIST_TYPE               ; SOURCE                                  ; --            ; simbol_UC   ; Top                     ;
; PROJECT_OUTPUT_DIRECTORY             ; output_files                            ; --            ; --          ; --                      ;
; TOP_LEVEL_ENTITY                     ; simbol_UC                               ; UC            ; --          ; --                      ;
+--------------------------------------+-----------------------------------------+---------------+-------------+-------------------------+


+-------------------------------------------------------------------------------------------------------------------------------+
; Flow Elapsed Time                                                                                                             ;
+---------------------------+--------------+-------------------------+---------------------+------------------------------------+
; Module Name               ; Elapsed Time ; Average Processors Used ; Peak Virtual Memory ; Total CPU Time (on all processors) ;
+---------------------------+--------------+-------------------------+---------------------+------------------------------------+
; Analysis & Synthesis      ; 00:00:09     ; 1.0                     ; 419 MB              ; 00:00:03                           ;
; Fitter                    ; 00:00:29     ; 1.0                     ; 624 MB              ; 00:00:18                           ;
; Assembler                 ; 00:00:05     ; 1.0                     ; 393 MB              ; 00:00:03                           ;
; TimeQuest Timing Analyzer ; 00:00:06     ; 1.0                     ; 409 MB              ; 00:00:05                           ;
; EDA Netlist Writer        ; 00:00:02     ; 1.0                     ; 363 MB              ; 00:00:02                           ;
; Total                     ; 00:00:51     ; --                      ; --                  ; 00:00:31                           ;
+---------------------------+--------------+-------------------------+---------------------+------------------------------------+


+-------------------------------------------------------------------------------------------+
; Flow OS Summary                                                                           ;
+---------------------------+------------------+--------------+------------+----------------+
; Module Name               ; Machine Hostname ; OS Name      ; OS Version ; Processor type ;
+---------------------------+------------------+--------------+------------+----------------+
; Analysis & Synthesis      ; lenard           ; Ubuntu 14.04 ; 14         ; i686           ;
; Fitter                    ; lenard           ; Ubuntu 14.04 ; 14         ; i686           ;
; Assembler                 ; lenard           ; Ubuntu 14.04 ; 14         ; i686           ;
; TimeQuest Timing Analyzer ; lenard           ; Ubuntu 14.04 ; 14         ; i686           ;
; EDA Netlist Writer        ; lenard           ; Ubuntu 14.04 ; 14         ; i686           ;
+---------------------------+------------------+--------------+------------+----------------+


------------
; Flow Log ;
------------
quartus_map --read_settings_files=on --write_settings_files=off UC -c UC
quartus_fit --read_settings_files=off --write_settings_files=off UC -c UC
quartus_asm --read_settings_files=off --write_settings_files=off UC -c UC
quartus_sta UC -c UC
quartus_eda --read_settings_files=off --write_settings_files=off UC -c UC



