Flow report for ALU
Sun Apr  6 13:43:29 2014
Quartus II 32-bit Version 13.1.0 Build 162 10/23/2013 SJ Web Edition


---------------------
; Table of Contents ;
---------------------
  1. Legal Notice
  2. Flow Summary
  3. Flow Settings
  4. Flow Non-Default Global Settings
  5. Flow Elapsed Time
  6. Flow OS Summary
  7. Flow Log
  8. Flow Messages
  9. Flow Suppressed Messages



----------------
; Legal Notice ;
----------------
Copyright (C) 1991-2013 Altera Corporation
Your use of Altera Corporation's design tools, logic functions 
and other software and tools, and its AMPP partner logic 
functions, and any output files from any of the foregoing 
(including device programming or simulation files), and any 
associated documentation or information are expressly subject 
to the terms and conditions of the Altera Program License 
Subscription Agreement, Altera MegaCore Function License 
Agreement, or other applicable license agreement, including, 
without limitation, that your use is for the sole purpose of 
programming logic devices manufactured by Altera and sold by 
Altera or its authorized distributors.  Please refer to the 
applicable agreement for further details.



+---------------------------------------------------------------------------------+
; Flow Summary                                                                    ;
+------------------------------------+--------------------------------------------+
; Flow Status                        ; Successful - Sun Apr  6 13:43:29 2014      ;
; Quartus II 32-bit Version          ; 13.1.0 Build 162 10/23/2013 SJ Web Edition ;
; Revision Name                      ; ALU                                        ;
; Top-level Entity Name              ; ALU32                                      ;
; Family                             ; Cyclone IV GX                              ;
; Total logic elements               ; 209 / 21,280 ( < 1 % )                     ;
;     Total combinational functions  ; 209 / 21,280 ( < 1 % )                     ;
;     Dedicated logic registers      ; 0 / 21,280 ( 0 % )                         ;
; Total registers                    ; 0                                          ;
; Total pins                         ; 101 / 167 ( 60 % )                         ;
; Total virtual pins                 ; 0                                          ;
; Total memory bits                  ; 0 / 774,144 ( 0 % )                        ;
; Embedded Multiplier 9-bit elements ; 0 / 80 ( 0 % )                             ;
; Total GXB Receiver Channel PCS     ; 0 / 4 ( 0 % )                              ;
; Total GXB Receiver Channel PMA     ; 0 / 4 ( 0 % )                              ;
; Total GXB Transmitter Channel PCS  ; 0 / 4 ( 0 % )                              ;
; Total GXB Transmitter Channel PMA  ; 0 / 4 ( 0 % )                              ;
; Total PLLs                         ; 0 / 4 ( 0 % )                              ;
; Device                             ; EP4CGX22CF19C6                             ;
; Timing Models                      ; Final                                      ;
+------------------------------------+--------------------------------------------+


+-----------------------------------------+
; Flow Settings                           ;
+-------------------+---------------------+
; Option            ; Setting             ;
+-------------------+---------------------+
; Start date & time ; 04/06/2014 13:42:18 ;
; Main task         ; Compilation         ;
; Revision Name     ; ALU                 ;
+-------------------+---------------------+


+----------------------------------------------------------------------------------------------------------------------+
; Flow Non-Default Global Settings                                                                                     ;
+--------------------------------------+--------------------------------+---------------+-------------+----------------+
; Assignment Name                      ; Value                          ; Default Value ; Entity Name ; Section Id     ;
+--------------------------------------+--------------------------------+---------------+-------------+----------------+
; COMPILER_SIGNATURE_ID                ; 84055618399889.139678453809031 ; --            ; --          ; --             ;
; EDA_DESIGN_INSTANCE_NAME             ; i1                             ; --            ; --          ; ALU32_vhd_tst  ;
; EDA_NATIVELINK_SIMULATION_TEST_BENCH ; ALU32_vhd_tst                  ; --            ; --          ; eda_simulation ;
; EDA_OUTPUT_DATA_FORMAT               ; Vhdl                           ; --            ; --          ; eda_simulation ;
; EDA_SIMULATION_TOOL                  ; ModelSim-Altera (VHDL)         ; <None>        ; --          ; --             ;
; EDA_TEST_BENCH_ENABLE_STATUS         ; TEST_BENCH_MODE                ; --            ; --          ; eda_simulation ;
; EDA_TEST_BENCH_FILE                  ; simulation/modelsim/ALU32.vht  ; --            ; --          ; ALU32_vhd_tst  ;
; EDA_TEST_BENCH_MODULE_NAME           ; ALU32_vhd_tst                  ; --            ; --          ; ALU32_vhd_tst  ;
; EDA_TEST_BENCH_NAME                  ; ALU32_vhd_tst                  ; --            ; --          ; eda_simulation ;
; PARTITION_COLOR                      ; 16764057                       ; --            ; ALU32       ; Top            ;
; PARTITION_FITTER_PRESERVATION_LEVEL  ; PLACEMENT_AND_ROUTING          ; --            ; ALU32       ; Top            ;
; PARTITION_NETLIST_TYPE               ; SOURCE                         ; --            ; ALU32       ; Top            ;
; TOP_LEVEL_ENTITY                     ; ALU32                          ; ALU           ; --          ; --             ;
+--------------------------------------+--------------------------------+---------------+-------------+----------------+


+-------------------------------------------------------------------------------------------------------------------------------+
; Flow Elapsed Time                                                                                                             ;
+---------------------------+--------------+-------------------------+---------------------+------------------------------------+
; Module Name               ; Elapsed Time ; Average Processors Used ; Peak Virtual Memory ; Total CPU Time (on all processors) ;
+---------------------------+--------------+-------------------------+---------------------+------------------------------------+
; Analysis & Synthesis      ; 00:00:04     ; 1.0                     ; 426 MB              ; 00:00:03                           ;
; Fitter                    ; 00:00:31     ; 1.0                     ; 621 MB              ; 00:00:16                           ;
; Assembler                 ; 00:00:05     ; 1.0                     ; 400 MB              ; 00:00:04                           ;
; TimeQuest Timing Analyzer ; 00:00:07     ; 1.0                     ; 401 MB              ; 00:00:05                           ;
; EDA Netlist Writer        ; 00:00:03     ; 1.0                     ; 360 MB              ; 00:00:02                           ;
; Total                     ; 00:00:50     ; --                      ; --                  ; 00:00:30                           ;
+---------------------------+--------------+-------------------------+---------------------+------------------------------------+


+-------------------------------------------------------------------------------------------+
; Flow OS Summary                                                                           ;
+---------------------------+------------------+--------------+------------+----------------+
; Module Name               ; Machine Hostname ; OS Name      ; OS Version ; Processor type ;
+---------------------------+------------------+--------------+------------+----------------+
; Analysis & Synthesis      ; lenard           ; Ubuntu 13.10 ; 13         ; i686           ;
; Fitter                    ; lenard           ; Ubuntu 13.10 ; 13         ; i686           ;
; Assembler                 ; lenard           ; Ubuntu 13.10 ; 13         ; i686           ;
; TimeQuest Timing Analyzer ; lenard           ; Ubuntu 13.10 ; 13         ; i686           ;
; EDA Netlist Writer        ; lenard           ; Ubuntu 13.10 ; 13         ; i686           ;
+---------------------------+------------------+--------------+------------+----------------+


------------
; Flow Log ;
------------
quartus_map --read_settings_files=on --write_settings_files=off ALU -c ALU
quartus_fit --read_settings_files=off --write_settings_files=off ALU -c ALU
quartus_asm --read_settings_files=off --write_settings_files=off ALU -c ALU
quartus_sta ALU -c ALU
quartus_eda --read_settings_files=off --write_settings_files=off ALU -c ALU



