Flow report for Banc_Registres
Mon Apr 28 11:02:00 2014
Quartus II 32-bit Version 13.1.0 Build 162 10/23/2013 SJ Web Edition


---------------------
; Table of Contents ;
---------------------
  1. Legal Notice
  2. Flow Summary
  3. Flow Settings
  4. Flow Non-Default Global Settings
  5. Flow Elapsed Time
  6. Flow OS Summary
  7. Flow Log
  8. Flow Messages
  9. Flow Suppressed Messages



----------------
; Legal Notice ;
----------------
Copyright (C) 1991-2013 Altera Corporation
Your use of Altera Corporation's design tools, logic functions 
and other software and tools, and its AMPP partner logic 
functions, and any output files from any of the foregoing 
(including device programming or simulation files), and any 
associated documentation or information are expressly subject 
to the terms and conditions of the Altera Program License 
Subscription Agreement, Altera MegaCore Function License 
Agreement, or other applicable license agreement, including, 
without limitation, that your use is for the sole purpose of 
programming logic devices manufactured by Altera and sold by 
Altera or its authorized distributors.  Please refer to the 
applicable agreement for further details.



+---------------------------------------------------------------------------------+
; Flow Summary                                                                    ;
+------------------------------------+--------------------------------------------+
; Flow Status                        ; Successful - Mon Apr 28 11:02:00 2014      ;
; Quartus II 32-bit Version          ; 13.1.0 Build 162 10/23/2013 SJ Web Edition ;
; Revision Name                      ; Banc_Registres                             ;
; Top-level Entity Name              ; BancRegistres                              ;
; Family                             ; Cyclone IV GX                              ;
; Total logic elements               ; 1,555 / 21,280 ( 7 % )                     ;
;     Total combinational functions  ; 1,555 / 21,280 ( 7 % )                     ;
;     Dedicated logic registers      ; 992 / 21,280 ( 5 % )                       ;
; Total registers                    ; 992                                        ;
; Total pins                         ; 116 / 167 ( 69 % )                         ;
; Total virtual pins                 ; 0                                          ;
; Total memory bits                  ; 0 / 774,144 ( 0 % )                        ;
; Embedded Multiplier 9-bit elements ; 0 / 80 ( 0 % )                             ;
; Total GXB Receiver Channel PCS     ; 0 / 4 ( 0 % )                              ;
; Total GXB Receiver Channel PMA     ; 0 / 4 ( 0 % )                              ;
; Total GXB Transmitter Channel PCS  ; 0 / 4 ( 0 % )                              ;
; Total GXB Transmitter Channel PMA  ; 0 / 4 ( 0 % )                              ;
; Total PLLs                         ; 0 / 4 ( 0 % )                              ;
; Device                             ; EP4CGX22CF19C6                             ;
; Timing Models                      ; Final                                      ;
+------------------------------------+--------------------------------------------+


+-----------------------------------------+
; Flow Settings                           ;
+-------------------+---------------------+
; Option            ; Setting             ;
+-------------------+---------------------+
; Start date & time ; 04/28/2014 11:00:48 ;
; Main task         ; Compilation         ;
; Revision Name     ; Banc_Registres      ;
+-------------------+---------------------+


+---------------------------------------------------------------------------------------------------------------------------------------+
; Flow Non-Default Global Settings                                                                                                      ;
+--------------------------------------+---------------------------------------+----------------+---------------+-----------------------+
; Assignment Name                      ; Value                                 ; Default Value  ; Entity Name   ; Section Id            ;
+--------------------------------------+---------------------------------------+----------------+---------------+-----------------------+
; COMPILER_SIGNATURE_ID                ; 84055618399889.139867564806377        ; --             ; --            ; --                    ;
; EDA_DESIGN_INSTANCE_NAME             ; i1                                    ; --             ; --            ; BancRegistres_vhd_tst ;
; EDA_NATIVELINK_SIMULATION_TEST_BENCH ; BancRegistres_vhd_tst                 ; --             ; --            ; eda_simulation        ;
; EDA_OUTPUT_DATA_FORMAT               ; Vhdl                                  ; --             ; --            ; eda_simulation        ;
; EDA_SIMULATION_TOOL                  ; ModelSim-Altera (VHDL)                ; <None>         ; --            ; --                    ;
; EDA_TEST_BENCH_ENABLE_STATUS         ; TEST_BENCH_MODE                       ; --             ; --            ; eda_simulation        ;
; EDA_TEST_BENCH_FILE                  ; simulation/modelsim/BancRegistres.vht ; --             ; --            ; BancRegistres_vhd_tst ;
; EDA_TEST_BENCH_MODULE_NAME           ; BancRegistres_vhd_tst                 ; --             ; --            ; BancRegistres_vhd_tst ;
; EDA_TEST_BENCH_NAME                  ; BancRegistres_vhd_tst                 ; --             ; --            ; eda_simulation        ;
; PARTITION_COLOR                      ; 16764057                              ; --             ; BancRegistres ; Top                   ;
; PARTITION_FITTER_PRESERVATION_LEVEL  ; PLACEMENT_AND_ROUTING                 ; --             ; BancRegistres ; Top                   ;
; PARTITION_NETLIST_TYPE               ; SOURCE                                ; --             ; BancRegistres ; Top                   ;
; TOP_LEVEL_ENTITY                     ; BancRegistres                         ; Banc_Registres ; --            ; --                    ;
+--------------------------------------+---------------------------------------+----------------+---------------+-----------------------+


+-------------------------------------------------------------------------------------------------------------------------------+
; Flow Elapsed Time                                                                                                             ;
+---------------------------+--------------+-------------------------+---------------------+------------------------------------+
; Module Name               ; Elapsed Time ; Average Processors Used ; Peak Virtual Memory ; Total CPU Time (on all processors) ;
+---------------------------+--------------+-------------------------+---------------------+------------------------------------+
; Analysis & Synthesis      ; 00:00:08     ; 1.0                     ; 429 MB              ; 00:00:07                           ;
; Fitter                    ; 00:00:31     ; 1.0                     ; 639 MB              ; 00:00:31                           ;
; Assembler                 ; 00:00:04     ; 1.0                     ; 400 MB              ; 00:00:04                           ;
; TimeQuest Timing Analyzer ; 00:00:08     ; 1.0                     ; 408 MB              ; 00:00:08                           ;
; EDA Netlist Writer        ; 00:00:05     ; 1.0                     ; 385 MB              ; 00:00:06                           ;
; Total                     ; 00:00:56     ; --                      ; --                  ; 00:00:56                           ;
+---------------------------+--------------+-------------------------+---------------------+------------------------------------+


+-------------------------------------------------------------------------------------------+
; Flow OS Summary                                                                           ;
+---------------------------+------------------+--------------+------------+----------------+
; Module Name               ; Machine Hostname ; OS Name      ; OS Version ; Processor type ;
+---------------------------+------------------+--------------+------------+----------------+
; Analysis & Synthesis      ; lenard           ; Ubuntu 13.10 ; 13         ; i686           ;
; Fitter                    ; lenard           ; Ubuntu 13.10 ; 13         ; i686           ;
; Assembler                 ; lenard           ; Ubuntu 13.10 ; 13         ; i686           ;
; TimeQuest Timing Analyzer ; lenard           ; Ubuntu 13.10 ; 13         ; i686           ;
; EDA Netlist Writer        ; lenard           ; Ubuntu 13.10 ; 13         ; i686           ;
+---------------------------+------------------+--------------+------------+----------------+


------------
; Flow Log ;
------------
quartus_map --read_settings_files=on --write_settings_files=off Banc_Registres -c Banc_Registres
quartus_fit --read_settings_files=off --write_settings_files=off Banc_Registres -c Banc_Registres
quartus_asm --read_settings_files=off --write_settings_files=off Banc_Registres -c Banc_Registres
quartus_sta Banc_Registres -c Banc_Registres
quartus_eda --read_settings_files=off --write_settings_files=off Banc_Registres -c Banc_Registres



