Analysis & Synthesis report for Banc_Registres
Mon Apr 28 11:00:56 2014
Quartus II 32-bit Version 13.1.0 Build 162 10/23/2013 SJ Web Edition


---------------------
; Table of Contents ;
---------------------
  1. Legal Notice
  2. Analysis & Synthesis Summary
  3. Analysis & Synthesis Settings
  4. Parallel Compilation
  5. Analysis & Synthesis Source Files Read
  6. Analysis & Synthesis Resource Usage Summary
  7. Analysis & Synthesis Resource Utilization by Entity
  8. General Register Statistics
  9. Port Connectivity Checks: "Descodificador5:dec3"
 10. Elapsed Time Per Partition
 11. Analysis & Synthesis Messages



----------------
; Legal Notice ;
----------------
Copyright (C) 1991-2013 Altera Corporation
Your use of Altera Corporation's design tools, logic functions 
and other software and tools, and its AMPP partner logic 
functions, and any output files from any of the foregoing 
(including device programming or simulation files), and any 
associated documentation or information are expressly subject 
to the terms and conditions of the Altera Program License 
Subscription Agreement, Altera MegaCore Function License 
Agreement, or other applicable license agreement, including, 
without limitation, that your use is for the sole purpose of 
programming logic devices manufactured by Altera and sold by 
Altera or its authorized distributors.  Please refer to the 
applicable agreement for further details.



+---------------------------------------------------------------------------------+
; Analysis & Synthesis Summary                                                    ;
+------------------------------------+--------------------------------------------+
; Analysis & Synthesis Status        ; Successful - Mon Apr 28 11:00:56 2014      ;
; Quartus II 32-bit Version          ; 13.1.0 Build 162 10/23/2013 SJ Web Edition ;
; Revision Name                      ; Banc_Registres                             ;
; Top-level Entity Name              ; BancRegistres                              ;
; Family                             ; Cyclone IV GX                              ;
; Total logic elements               ; 2,547                                      ;
;     Total combinational functions  ; 1,555                                      ;
;     Dedicated logic registers      ; 992                                        ;
; Total registers                    ; 992                                        ;
; Total pins                         ; 116                                        ;
; Total virtual pins                 ; 0                                          ;
; Total memory bits                  ; 0                                          ;
; Embedded Multiplier 9-bit elements ; 0                                          ;
; Total GXB Receiver Channel PCS     ; 0                                          ;
; Total GXB Receiver Channel PMA     ; 0                                          ;
; Total GXB Transmitter Channel PCS  ; 0                                          ;
; Total GXB Transmitter Channel PMA  ; 0                                          ;
; Total PLLs                         ; 0                                          ;
+------------------------------------+--------------------------------------------+


+----------------------------------------------------------------------------------------------------------------------+
; Analysis & Synthesis Settings                                                                                        ;
+----------------------------------------------------------------------------+--------------------+--------------------+
; Option                                                                     ; Setting            ; Default Value      ;
+----------------------------------------------------------------------------+--------------------+--------------------+
; Top-level entity name                                                      ; BancRegistres      ; Banc_Registres     ;
; Family name                                                                ; Cyclone IV GX      ; Cyclone IV GX      ;
; Use smart compilation                                                      ; Off                ; Off                ;
; Enable parallel Assembler and TimeQuest Timing Analyzer during compilation ; On                 ; On                 ;
; Enable compact report table                                                ; Off                ; Off                ;
; Restructure Multiplexers                                                   ; Auto               ; Auto               ;
; Create Debugging Nodes for IP Cores                                        ; Off                ; Off                ;
; Preserve fewer node names                                                  ; On                 ; On                 ;
; Disable OpenCore Plus hardware evaluation                                  ; Off                ; Off                ;
; Verilog Version                                                            ; Verilog_2001       ; Verilog_2001       ;
; VHDL Version                                                               ; VHDL_1993          ; VHDL_1993          ;
; State Machine Processing                                                   ; Auto               ; Auto               ;
; Safe State Machine                                                         ; Off                ; Off                ;
; Extract Verilog State Machines                                             ; On                 ; On                 ;
; Extract VHDL State Machines                                                ; On                 ; On                 ;
; Ignore Verilog initial constructs                                          ; Off                ; Off                ;
; Iteration limit for constant Verilog loops                                 ; 5000               ; 5000               ;
; Iteration limit for non-constant Verilog loops                             ; 250                ; 250                ;
; Add Pass-Through Logic to Inferred RAMs                                    ; On                 ; On                 ;
; Infer RAMs from Raw Logic                                                  ; On                 ; On                 ;
; Parallel Synthesis                                                         ; On                 ; On                 ;
; DSP Block Balancing                                                        ; Auto               ; Auto               ;
; NOT Gate Push-Back                                                         ; On                 ; On                 ;
; Power-Up Don't Care                                                        ; On                 ; On                 ;
; Remove Redundant Logic Cells                                               ; Off                ; Off                ;
; Remove Duplicate Registers                                                 ; On                 ; On                 ;
; Ignore CARRY Buffers                                                       ; Off                ; Off                ;
; Ignore CASCADE Buffers                                                     ; Off                ; Off                ;
; Ignore GLOBAL Buffers                                                      ; Off                ; Off                ;
; Ignore ROW GLOBAL Buffers                                                  ; Off                ; Off                ;
; Ignore LCELL Buffers                                                       ; Off                ; Off                ;
; Ignore SOFT Buffers                                                        ; On                 ; On                 ;
; Limit AHDL Integers to 32 Bits                                             ; Off                ; Off                ;
; Optimization Technique                                                     ; Balanced           ; Balanced           ;
; Carry Chain Length                                                         ; 70                 ; 70                 ;
; Auto Carry Chains                                                          ; On                 ; On                 ;
; Auto Open-Drain Pins                                                       ; On                 ; On                 ;
; Perform WYSIWYG Primitive Resynthesis                                      ; Off                ; Off                ;
; Auto ROM Replacement                                                       ; On                 ; On                 ;
; Auto RAM Replacement                                                       ; On                 ; On                 ;
; Auto DSP Block Replacement                                                 ; On                 ; On                 ;
; Auto Shift Register Replacement                                            ; Auto               ; Auto               ;
; Allow Shift Register Merging across Hierarchies                            ; Auto               ; Auto               ;
; Auto Clock Enable Replacement                                              ; On                 ; On                 ;
; Strict RAM Replacement                                                     ; Off                ; Off                ;
; Allow Synchronous Control Signals                                          ; On                 ; On                 ;
; Force Use of Synchronous Clear Signals                                     ; Off                ; Off                ;
; Auto RAM Block Balancing                                                   ; On                 ; On                 ;
; Auto RAM to Logic Cell Conversion                                          ; Off                ; Off                ;
; Auto Resource Sharing                                                      ; Off                ; Off                ;
; Allow Any RAM Size For Recognition                                         ; Off                ; Off                ;
; Allow Any ROM Size For Recognition                                         ; Off                ; Off                ;
; Allow Any Shift Register Size For Recognition                              ; Off                ; Off                ;
; Use LogicLock Constraints during Resource Balancing                        ; On                 ; On                 ;
; Ignore translate_off and synthesis_off directives                          ; Off                ; Off                ;
; Timing-Driven Synthesis                                                    ; On                 ; On                 ;
; Report Parameter Settings                                                  ; On                 ; On                 ;
; Report Source Assignments                                                  ; On                 ; On                 ;
; Report Connectivity Checks                                                 ; On                 ; On                 ;
; Ignore Maximum Fan-Out Assignments                                         ; Off                ; Off                ;
; Synchronization Register Chain Length                                      ; 2                  ; 2                  ;
; PowerPlay Power Optimization                                               ; Normal compilation ; Normal compilation ;
; HDL message level                                                          ; Level2             ; Level2             ;
; Suppress Register Optimization Related Messages                            ; Off                ; Off                ;
; Number of Removed Registers Reported in Synthesis Report                   ; 5000               ; 5000               ;
; Number of Swept Nodes Reported in Synthesis Report                         ; 5000               ; 5000               ;
; Number of Inverted Registers Reported in Synthesis Report                  ; 100                ; 100                ;
; Clock MUX Protection                                                       ; On                 ; On                 ;
; Auto Gated Clock Conversion                                                ; Off                ; Off                ;
; Block Design Naming                                                        ; Auto               ; Auto               ;
; SDC constraint protection                                                  ; Off                ; Off                ;
; Synthesis Effort                                                           ; Auto               ; Auto               ;
; Shift Register Replacement - Allow Asynchronous Clear Signal               ; On                 ; On                 ;
; Pre-Mapping Resynthesis Optimization                                       ; Off                ; Off                ;
; Analysis & Synthesis Message Level                                         ; Medium             ; Medium             ;
; Disable Register Merging Across Hierarchies                                ; Auto               ; Auto               ;
; Resource Aware Inference For Block RAM                                     ; On                 ; On                 ;
; Synthesis Seed                                                             ; 1                  ; 1                  ;
+----------------------------------------------------------------------------+--------------------+--------------------+


Parallel compilation was disabled, but you have multiple processors available. Enable parallel compilation to reduce compilation time.
+-------------------------------------+
; Parallel Compilation                ;
+----------------------------+--------+
; Processors                 ; Number ;
+----------------------------+--------+
; Number detected on machine ; 2      ;
; Maximum allowed            ; 1      ;
+----------------------------+--------+


+------------------------------------------------------------------------------------------------------------------------------------------------------------+
; Analysis & Synthesis Source Files Read                                                                                                                     ;
+----------------------------------+-----------------+-----------------+---------------------------------------------------------------------------+---------+
; File Name with User-Entered Path ; Used in Netlist ; File Type       ; File Name with Absolute Path                                              ; Library ;
+----------------------------------+-----------------+-----------------+---------------------------------------------------------------------------+---------+
; BancRegistres.vhd                ; yes             ; User VHDL File  ; /home/enric/Dropbox/CURS 2/Q. 4/ARQ. COMPUTADORS/P3/BancRegistres.vhd     ;         ;
; RegistreZero.vhd                 ; yes             ; User VHDL File  ; /home/enric/Dropbox/CURS 2/Q. 4/ARQ. COMPUTADORS/P3/RegistreZero.vhd      ;         ;
; Registre.vhd                     ; yes             ; User VHDL File  ; /home/enric/Dropbox/CURS 2/Q. 4/ARQ. COMPUTADORS/P3/Registre.vhd          ;         ;
; Descodificador5.vhd              ; yes             ; User VHDL File  ; /home/enric/Dropbox/CURS 2/Q. 4/ARQ. COMPUTADORS/P3/Descodificador5.vhd   ;         ;
; RegSortida3Estats.vhd            ; yes             ; User VHDL File  ; /home/enric/Dropbox/CURS 2/Q. 4/ARQ. COMPUTADORS/P3/RegSortida3Estats.vhd ;         ;
+----------------------------------+-----------------+-----------------+---------------------------------------------------------------------------+---------+


+---------------------------------------------+
; Analysis & Synthesis Resource Usage Summary ;
+--------------------------+------------------+
; Resource                 ; Usage            ;
+--------------------------+------------------+
; I/O pins                 ; 116              ;
; DSP block 9-bit elements ; 0                ;
; Maximum fan-out node     ; clk~input        ;
; Maximum fan-out          ; 992              ;
; Total fan-out            ; 10269            ;
; Average fan-out          ; 3.70             ;
+--------------------------+------------------+


+---------------------------------------------------------------------------------------------------------------------------------------------------------------------------------------------------------------------------+
; Analysis & Synthesis Resource Utilization by Entity                                                                                                                                                                       ;
+------------------------------+-------------------+--------------+-------------+--------------+---------+-----------+-----------+------+--------------+-----------------------------------------------------+--------------+
; Compilation Hierarchy Node   ; LC Combinationals ; LC Registers ; Memory Bits ; DSP Elements ; DSP 9x9 ; DSP 18x18 ; DSP 36x36 ; Pins ; Virtual Pins ; Full Hierarchy Name                                 ; Library Name ;
+------------------------------+-------------------+--------------+-------------+--------------+---------+-----------+-----------+------+--------------+-----------------------------------------------------+--------------+
; |BancRegistres               ; 1555 (0)          ; 992 (0)      ; 0           ; 0            ; 0       ; 0         ; 0         ; 116  ; 0            ; |BancRegistres                                      ; work         ;
;    |Descodificador5:dec1|    ; 45 (45)           ; 0 (0)        ; 0           ; 0            ; 0       ; 0         ; 0         ; 0    ; 0            ; |BancRegistres|Descodificador5:dec1                 ; work         ;
;    |Descodificador5:dec2|    ; 45 (45)           ; 0 (0)        ; 0           ; 0            ; 0       ; 0         ; 0         ; 0    ; 0            ; |BancRegistres|Descodificador5:dec2                 ; work         ;
;    |Descodificador5:dec3|    ; 47 (47)           ; 0 (0)        ; 0           ; 0            ; 0       ; 0         ; 0         ; 0    ; 0            ; |BancRegistres|Descodificador5:dec3                 ; work         ;
;    |RegSortida3Estats:reg10| ; 0 (0)             ; 32 (0)       ; 0           ; 0            ; 0       ; 0         ; 0         ; 0    ; 0            ; |BancRegistres|RegSortida3Estats:reg10              ; work         ;
;       |Registre:reg|         ; 0 (0)             ; 32 (32)      ; 0           ; 0            ; 0       ; 0         ; 0         ; 0    ; 0            ; |BancRegistres|RegSortida3Estats:reg10|Registre:reg ; work         ;
;    |RegSortida3Estats:reg11| ; 0 (0)             ; 32 (0)       ; 0           ; 0            ; 0       ; 0         ; 0         ; 0    ; 0            ; |BancRegistres|RegSortida3Estats:reg11              ; work         ;
;       |Registre:reg|         ; 0 (0)             ; 32 (32)      ; 0           ; 0            ; 0       ; 0         ; 0         ; 0    ; 0            ; |BancRegistres|RegSortida3Estats:reg11|Registre:reg ; work         ;
;    |RegSortida3Estats:reg12| ; 0 (0)             ; 32 (0)       ; 0           ; 0            ; 0       ; 0         ; 0         ; 0    ; 0            ; |BancRegistres|RegSortida3Estats:reg12              ; work         ;
;       |Registre:reg|         ; 0 (0)             ; 32 (32)      ; 0           ; 0            ; 0       ; 0         ; 0         ; 0    ; 0            ; |BancRegistres|RegSortida3Estats:reg12|Registre:reg ; work         ;
;    |RegSortida3Estats:reg13| ; 0 (0)             ; 32 (0)       ; 0           ; 0            ; 0       ; 0         ; 0         ; 0    ; 0            ; |BancRegistres|RegSortida3Estats:reg13              ; work         ;
;       |Registre:reg|         ; 0 (0)             ; 32 (32)      ; 0           ; 0            ; 0       ; 0         ; 0         ; 0    ; 0            ; |BancRegistres|RegSortida3Estats:reg13|Registre:reg ; work         ;
;    |RegSortida3Estats:reg14| ; 0 (0)             ; 32 (0)       ; 0           ; 0            ; 0       ; 0         ; 0         ; 0    ; 0            ; |BancRegistres|RegSortida3Estats:reg14              ; work         ;
;       |Registre:reg|         ; 0 (0)             ; 32 (32)      ; 0           ; 0            ; 0       ; 0         ; 0         ; 0    ; 0            ; |BancRegistres|RegSortida3Estats:reg14|Registre:reg ; work         ;
;    |RegSortida3Estats:reg15| ; 0 (0)             ; 32 (0)       ; 0           ; 0            ; 0       ; 0         ; 0         ; 0    ; 0            ; |BancRegistres|RegSortida3Estats:reg15              ; work         ;
;       |Registre:reg|         ; 0 (0)             ; 32 (32)      ; 0           ; 0            ; 0       ; 0         ; 0         ; 0    ; 0            ; |BancRegistres|RegSortida3Estats:reg15|Registre:reg ; work         ;
;    |RegSortida3Estats:reg16| ; 0 (0)             ; 32 (0)       ; 0           ; 0            ; 0       ; 0         ; 0         ; 0    ; 0            ; |BancRegistres|RegSortida3Estats:reg16              ; work         ;
;       |Registre:reg|         ; 0 (0)             ; 32 (32)      ; 0           ; 0            ; 0       ; 0         ; 0         ; 0    ; 0            ; |BancRegistres|RegSortida3Estats:reg16|Registre:reg ; work         ;
;    |RegSortida3Estats:reg17| ; 0 (0)             ; 32 (0)       ; 0           ; 0            ; 0       ; 0         ; 0         ; 0    ; 0            ; |BancRegistres|RegSortida3Estats:reg17              ; work         ;
;       |Registre:reg|         ; 0 (0)             ; 32 (32)      ; 0           ; 0            ; 0       ; 0         ; 0         ; 0    ; 0            ; |BancRegistres|RegSortida3Estats:reg17|Registre:reg ; work         ;
;    |RegSortida3Estats:reg18| ; 0 (0)             ; 32 (0)       ; 0           ; 0            ; 0       ; 0         ; 0         ; 0    ; 0            ; |BancRegistres|RegSortida3Estats:reg18              ; work         ;
;       |Registre:reg|         ; 0 (0)             ; 32 (32)      ; 0           ; 0            ; 0       ; 0         ; 0         ; 0    ; 0            ; |BancRegistres|RegSortida3Estats:reg18|Registre:reg ; work         ;
;    |RegSortida3Estats:reg19| ; 0 (0)             ; 32 (0)       ; 0           ; 0            ; 0       ; 0         ; 0         ; 0    ; 0            ; |BancRegistres|RegSortida3Estats:reg19              ; work         ;
;       |Registre:reg|         ; 0 (0)             ; 32 (32)      ; 0           ; 0            ; 0       ; 0         ; 0         ; 0    ; 0            ; |BancRegistres|RegSortida3Estats:reg19|Registre:reg ; work         ;
;    |RegSortida3Estats:reg1|  ; 0 (0)             ; 32 (0)       ; 0           ; 0            ; 0       ; 0         ; 0         ; 0    ; 0            ; |BancRegistres|RegSortida3Estats:reg1               ; work         ;
;       |Registre:reg|         ; 0 (0)             ; 32 (32)      ; 0           ; 0            ; 0       ; 0         ; 0         ; 0    ; 0            ; |BancRegistres|RegSortida3Estats:reg1|Registre:reg  ; work         ;
;    |RegSortida3Estats:reg20| ; 0 (0)             ; 32 (0)       ; 0           ; 0            ; 0       ; 0         ; 0         ; 0    ; 0            ; |BancRegistres|RegSortida3Estats:reg20              ; work         ;
;       |Registre:reg|         ; 0 (0)             ; 32 (32)      ; 0           ; 0            ; 0       ; 0         ; 0         ; 0    ; 0            ; |BancRegistres|RegSortida3Estats:reg20|Registre:reg ; work         ;
;    |RegSortida3Estats:reg21| ; 0 (0)             ; 32 (0)       ; 0           ; 0            ; 0       ; 0         ; 0         ; 0    ; 0            ; |BancRegistres|RegSortida3Estats:reg21              ; work         ;
;       |Registre:reg|         ; 0 (0)             ; 32 (32)      ; 0           ; 0            ; 0       ; 0         ; 0         ; 0    ; 0            ; |BancRegistres|RegSortida3Estats:reg21|Registre:reg ; work         ;
;    |RegSortida3Estats:reg22| ; 0 (0)             ; 32 (0)       ; 0           ; 0            ; 0       ; 0         ; 0         ; 0    ; 0            ; |BancRegistres|RegSortida3Estats:reg22              ; work         ;
;       |Registre:reg|         ; 0 (0)             ; 32 (32)      ; 0           ; 0            ; 0       ; 0         ; 0         ; 0    ; 0            ; |BancRegistres|RegSortida3Estats:reg22|Registre:reg ; work         ;
;    |RegSortida3Estats:reg23| ; 0 (0)             ; 32 (0)       ; 0           ; 0            ; 0       ; 0         ; 0         ; 0    ; 0            ; |BancRegistres|RegSortida3Estats:reg23              ; work         ;
;       |Registre:reg|         ; 0 (0)             ; 32 (32)      ; 0           ; 0            ; 0       ; 0         ; 0         ; 0    ; 0            ; |BancRegistres|RegSortida3Estats:reg23|Registre:reg ; work         ;
;    |RegSortida3Estats:reg24| ; 0 (0)             ; 32 (0)       ; 0           ; 0            ; 0       ; 0         ; 0         ; 0    ; 0            ; |BancRegistres|RegSortida3Estats:reg24              ; work         ;
;       |Registre:reg|         ; 0 (0)             ; 32 (32)      ; 0           ; 0            ; 0       ; 0         ; 0         ; 0    ; 0            ; |BancRegistres|RegSortida3Estats:reg24|Registre:reg ; work         ;
;    |RegSortida3Estats:reg25| ; 0 (0)             ; 32 (0)       ; 0           ; 0            ; 0       ; 0         ; 0         ; 0    ; 0            ; |BancRegistres|RegSortida3Estats:reg25              ; work         ;
;       |Registre:reg|         ; 0 (0)             ; 32 (32)      ; 0           ; 0            ; 0       ; 0         ; 0         ; 0    ; 0            ; |BancRegistres|RegSortida3Estats:reg25|Registre:reg ; work         ;
;    |RegSortida3Estats:reg26| ; 0 (0)             ; 32 (0)       ; 0           ; 0            ; 0       ; 0         ; 0         ; 0    ; 0            ; |BancRegistres|RegSortida3Estats:reg26              ; work         ;
;       |Registre:reg|         ; 0 (0)             ; 32 (32)      ; 0           ; 0            ; 0       ; 0         ; 0         ; 0    ; 0            ; |BancRegistres|RegSortida3Estats:reg26|Registre:reg ; work         ;
;    |RegSortida3Estats:reg27| ; 0 (0)             ; 32 (0)       ; 0           ; 0            ; 0       ; 0         ; 0         ; 0    ; 0            ; |BancRegistres|RegSortida3Estats:reg27              ; work         ;
;       |Registre:reg|         ; 0 (0)             ; 32 (32)      ; 0           ; 0            ; 0       ; 0         ; 0         ; 0    ; 0            ; |BancRegistres|RegSortida3Estats:reg27|Registre:reg ; work         ;
;    |RegSortida3Estats:reg28| ; 0 (0)             ; 32 (0)       ; 0           ; 0            ; 0       ; 0         ; 0         ; 0    ; 0            ; |BancRegistres|RegSortida3Estats:reg28              ; work         ;
;       |Registre:reg|         ; 0 (0)             ; 32 (32)      ; 0           ; 0            ; 0       ; 0         ; 0         ; 0    ; 0            ; |BancRegistres|RegSortida3Estats:reg28|Registre:reg ; work         ;
;    |RegSortida3Estats:reg29| ; 0 (0)             ; 32 (0)       ; 0           ; 0            ; 0       ; 0         ; 0         ; 0    ; 0            ; |BancRegistres|RegSortida3Estats:reg29              ; work         ;
;       |Registre:reg|         ; 0 (0)             ; 32 (32)      ; 0           ; 0            ; 0       ; 0         ; 0         ; 0    ; 0            ; |BancRegistres|RegSortida3Estats:reg29|Registre:reg ; work         ;
;    |RegSortida3Estats:reg2|  ; 0 (0)             ; 32 (0)       ; 0           ; 0            ; 0       ; 0         ; 0         ; 0    ; 0            ; |BancRegistres|RegSortida3Estats:reg2               ; work         ;
;       |Registre:reg|         ; 0 (0)             ; 32 (32)      ; 0           ; 0            ; 0       ; 0         ; 0         ; 0    ; 0            ; |BancRegistres|RegSortida3Estats:reg2|Registre:reg  ; work         ;
;    |RegSortida3Estats:reg30| ; 0 (0)             ; 32 (0)       ; 0           ; 0            ; 0       ; 0         ; 0         ; 0    ; 0            ; |BancRegistres|RegSortida3Estats:reg30              ; work         ;
;       |Registre:reg|         ; 0 (0)             ; 32 (32)      ; 0           ; 0            ; 0       ; 0         ; 0         ; 0    ; 0            ; |BancRegistres|RegSortida3Estats:reg30|Registre:reg ; work         ;
;    |RegSortida3Estats:reg31| ; 0 (0)             ; 32 (0)       ; 0           ; 0            ; 0       ; 0         ; 0         ; 0    ; 0            ; |BancRegistres|RegSortida3Estats:reg31              ; work         ;
;       |Registre:reg|         ; 0 (0)             ; 32 (32)      ; 0           ; 0            ; 0       ; 0         ; 0         ; 0    ; 0            ; |BancRegistres|RegSortida3Estats:reg31|Registre:reg ; work         ;
;    |RegSortida3Estats:reg3|  ; 0 (0)             ; 32 (0)       ; 0           ; 0            ; 0       ; 0         ; 0         ; 0    ; 0            ; |BancRegistres|RegSortida3Estats:reg3               ; work         ;
;       |Registre:reg|         ; 0 (0)             ; 32 (32)      ; 0           ; 0            ; 0       ; 0         ; 0         ; 0    ; 0            ; |BancRegistres|RegSortida3Estats:reg3|Registre:reg  ; work         ;
;    |RegSortida3Estats:reg4|  ; 0 (0)             ; 32 (0)       ; 0           ; 0            ; 0       ; 0         ; 0         ; 0    ; 0            ; |BancRegistres|RegSortida3Estats:reg4               ; work         ;
;       |Registre:reg|         ; 0 (0)             ; 32 (32)      ; 0           ; 0            ; 0       ; 0         ; 0         ; 0    ; 0            ; |BancRegistres|RegSortida3Estats:reg4|Registre:reg  ; work         ;
;    |RegSortida3Estats:reg5|  ; 0 (0)             ; 32 (0)       ; 0           ; 0            ; 0       ; 0         ; 0         ; 0    ; 0            ; |BancRegistres|RegSortida3Estats:reg5               ; work         ;
;       |Registre:reg|         ; 0 (0)             ; 32 (32)      ; 0           ; 0            ; 0       ; 0         ; 0         ; 0    ; 0            ; |BancRegistres|RegSortida3Estats:reg5|Registre:reg  ; work         ;
;    |RegSortida3Estats:reg6|  ; 64 (64)           ; 32 (0)       ; 0           ; 0            ; 0       ; 0         ; 0         ; 0    ; 0            ; |BancRegistres|RegSortida3Estats:reg6               ; work         ;
;       |Registre:reg|         ; 0 (0)             ; 32 (32)      ; 0           ; 0            ; 0       ; 0         ; 0         ; 0    ; 0            ; |BancRegistres|RegSortida3Estats:reg6|Registre:reg  ; work         ;
;    |RegSortida3Estats:reg7|  ; 0 (0)             ; 32 (0)       ; 0           ; 0            ; 0       ; 0         ; 0         ; 0    ; 0            ; |BancRegistres|RegSortida3Estats:reg7               ; work         ;
;       |Registre:reg|         ; 0 (0)             ; 32 (32)      ; 0           ; 0            ; 0       ; 0         ; 0         ; 0    ; 0            ; |BancRegistres|RegSortida3Estats:reg7|Registre:reg  ; work         ;
;    |RegSortida3Estats:reg8|  ; 0 (0)             ; 32 (0)       ; 0           ; 0            ; 0       ; 0         ; 0         ; 0    ; 0            ; |BancRegistres|RegSortida3Estats:reg8               ; work         ;
;       |Registre:reg|         ; 0 (0)             ; 32 (32)      ; 0           ; 0            ; 0       ; 0         ; 0         ; 0    ; 0            ; |BancRegistres|RegSortida3Estats:reg8|Registre:reg  ; work         ;
;    |RegSortida3Estats:reg9|  ; 0 (0)             ; 32 (0)       ; 0           ; 0            ; 0       ; 0         ; 0         ; 0    ; 0            ; |BancRegistres|RegSortida3Estats:reg9               ; work         ;
;       |Registre:reg|         ; 0 (0)             ; 32 (32)      ; 0           ; 0            ; 0       ; 0         ; 0         ; 0    ; 0            ; |BancRegistres|RegSortida3Estats:reg9|Registre:reg  ; work         ;
;    |RegistreZero:reg0|       ; 1354 (1354)       ; 0 (0)        ; 0           ; 0            ; 0       ; 0         ; 0         ; 0    ; 0            ; |BancRegistres|RegistreZero:reg0                    ; work         ;
+------------------------------+-------------------+--------------+-------------+--------------+---------+-----------+-----------+------+--------------+-----------------------------------------------------+--------------+
Note: For table entries with two numbers listed, the numbers in parentheses indicate the number of resources of the given type used by the specific entity alone. The numbers listed outside of parentheses indicate the total resources of the given type used by the specific entity and all of its sub-entities in the hierarchy.


+------------------------------------------------------+
; General Register Statistics                          ;
+----------------------------------------------+-------+
; Statistic                                    ; Value ;
+----------------------------------------------+-------+
; Total registers                              ; 992   ;
; Number of registers using Synchronous Clear  ; 0     ;
; Number of registers using Synchronous Load   ; 0     ;
; Number of registers using Asynchronous Clear ; 992   ;
; Number of registers using Asynchronous Load  ; 0     ;
; Number of registers using Clock Enable       ; 992   ;
; Number of registers using Preset             ; 0     ;
+----------------------------------------------+-------+


+-------------------------------------------------------------------------------------------------------------------+
; Port Connectivity Checks: "Descodificador5:dec3"                                                                  ;
+---------+--------+----------+-------------------------------------------------------------------------------------+
; Port    ; Type   ; Severity ; Details                                                                             ;
+---------+--------+----------+-------------------------------------------------------------------------------------+
; sort[0] ; Output ; Info     ; Connected to dangling logic. Logic that only feeds a dangling port will be removed. ;
+---------+--------+----------+-------------------------------------------------------------------------------------+


+-------------------------------+
; Elapsed Time Per Partition    ;
+----------------+--------------+
; Partition Name ; Elapsed Time ;
+----------------+--------------+
; Top            ; 00:00:04     ;
+----------------+--------------+


+-------------------------------+
; Analysis & Synthesis Messages ;
+-------------------------------+
Info: *******************************************************************
Info: Running Quartus II 32-bit Analysis & Synthesis
    Info: Version 13.1.0 Build 162 10/23/2013 SJ Web Edition
    Info: Processing started: Mon Apr 28 11:00:47 2014
Info: Command: quartus_map --read_settings_files=on --write_settings_files=off Banc_Registres -c Banc_Registres
Warning (20028): Parallel compilation is not licensed and has been disabled
Info (12021): Found 1 design units, including 1 entities, in source file Banc_Registres.bdf
    Info (12023): Found entity 1: Banc_Registres
Info (12021): Found 2 design units, including 1 entities, in source file ComptadorPrograma.vhd
    Info (12022): Found design unit 1: ComptadorPrograma-PC_Arch
    Info (12023): Found entity 1: ComptadorPrograma
Info (12021): Found 2 design units, including 1 entities, in source file BancRegistres.vhd
    Info (12022): Found design unit 1: BancRegistres-Behavioral
    Info (12023): Found entity 1: BancRegistres
Info (12021): Found 2 design units, including 1 entities, in source file RegistreZero.vhd
    Info (12022): Found design unit 1: RegistreZero-Zero
    Info (12023): Found entity 1: RegistreZero
Info (12021): Found 2 design units, including 1 entities, in source file Registre.vhd
    Info (12022): Found design unit 1: Registre-Behavioral
    Info (12023): Found entity 1: Registre
Info (12021): Found 2 design units, including 1 entities, in source file Descodificador5.vhd
    Info (12022): Found design unit 1: Descodificador5-desc
    Info (12023): Found entity 1: Descodificador5
Info (12021): Found 2 design units, including 1 entities, in source file RegSortida3Estats.vhd
    Info (12022): Found design unit 1: RegSortida3Estats-Behavioral
    Info (12023): Found entity 1: RegSortida3Estats
Info (12021): Found 1 design units, including 1 entities, in source file Comptador_Programa.bdf
    Info (12023): Found entity 1: Comptador_Programa
Info (12127): Elaborating entity "BancRegistres" for the top level hierarchy
Info (12128): Elaborating entity "Descodificador5" for hierarchy "Descodificador5:dec1"
Warning (10631): VHDL Process Statement warning at Descodificador5.vhd(14): inferring latch(es) for signal or variable "Sort", which holds its previous value in one or more paths through the process
Info (12128): Elaborating entity "RegistreZero" for hierarchy "RegistreZero:reg0"
Info (12128): Elaborating entity "RegSortida3Estats" for hierarchy "RegSortida3Estats:reg1"
Info (12128): Elaborating entity "Registre" for hierarchy "RegSortida3Estats:reg1|Registre:reg"
Warning (10492): VHDL Process Statement warning at Registre.vhd(22): signal "enable" is read inside the Process Statement but isn't in the Process Statement's sensitivity list
Info (276014): Found 3 instances of uninferred RAM logic
    Info (276007): RAM logic "Descodificador5:dec1|Ram0" is uninferred due to asynchronous read logic
    Info (276007): RAM logic "Descodificador5:dec2|Ram0" is uninferred due to asynchronous read logic
    Info (276007): RAM logic "Descodificador5:dec3|Ram0" is uninferred due to asynchronous read logic
Info (286030): Timing-Driven Synthesis is running
Info (16010): Generating hard_block partition "hard_block:auto_generated_inst"
    Info (16011): Adding 0 node(s), including 0 DDIO, 0 PLL, 0 transceiver and 0 LCELL
Info (21057): Implemented 2663 device resources after synthesis - the final resource count might be different
    Info (21058): Implemented 52 input pins
    Info (21059): Implemented 64 output pins
    Info (21061): Implemented 2547 logic cells
Info: Quartus II 32-bit Analysis & Synthesis was successful. 0 errors, 3 warnings
    Info: Peak virtual memory: 429 megabytes
    Info: Processing ended: Mon Apr 28 11:00:56 2014
    Info: Elapsed time: 00:00:09
    Info: Total CPU time (on all processors): 00:00:08


